<?xml version="1.0" encoding="UTF-8"?>
<testsuite name="LoginCentauro" tests="1" skipped="0" failures="0" errors="0" timestamp="2022-08-11T01:20:50" hostname="TONNYMATHEUS" time="5.945">
  <properties/>
  <testcase name="loginCentauro" classname="LoginCentauro" time="5.945"/>
  <system-out><![CDATA[]]></system-out>
  <system-err><![CDATA[SLF4J: Failed to load class "org.slf4j.impl.StaticLoggerBinder".
SLF4J: Defaulting to no-operation (NOP) logger implementation
SLF4J: See http://www.slf4j.org/codes.html#StaticLoggerBinder for further details.
Starting ChromeDriver 104.0.5112.79 (3cf3e8c8a07d104b9e1260c910efb8f383285dc5-refs/branch-heads/5112@{#1307}) on port 59082
Only local connections are allowed.
Please see https://chromedriver.chromium.org/security-considerations for suggestions on keeping ChromeDriver safe.
ChromeDriver was started successfully.
ago 10, 2022 10:20:52 PM org.openqa.selenium.remote.ProtocolHandshake createSession
INFORMAÇÕES: Detected upstream dialect: W3C
ago 10, 2022 10:20:52 PM org.openqa.selenium.devtools.CdpVersionFinder findNearestMatch
ADVERTÊNCIA: Unable to find an exact match for CDP version 104, so returning the closest version found: 103
ago 10, 2022 10:20:52 PM org.openqa.selenium.devtools.CdpVersionFinder findNearestMatch
INFORMAÇÕES: Found CDP implementation for version 104 of 103
]]></system-err>
</testsuite>
